ERROR: /home/ruthvik/Ruthvik/Virtual_Chip_Signature_System/2. Verilog_Chip_Core/Memory_Loader.v:182: $readmemh: Unable to open test_transaction.mem for reading.
VCD info: dumpfile ecdsa_tb.vcd opened for output.
=== Test Case 1: Basic Signature Generation (r, s, v) ===
Time 45000: ECDSA operation in progress
Time 55000: ECDSA operation in progress
Time 65000: ECDSA operation in progress
Time 75000: ECDSA operation in progress
Time 85000: ECDSA operation in progress
Time 95000: ECDSA operation in progress
Time 105000: ECDSA operation in progress
Time 115000: ECDSA operation in progress
Time 125000: ECDSA operation in progress
Time 135000: ECDSA operation in progress
Time 145000: ECDSA operation in progress
Time 155000: ECDSA operation in progress
Time 165000: ECDSA operation in progress
Time 175000: ECDSA operation in progress
Time 185000: ECDSA operation in progress
Time 195000: ECDSA operation in progress
Time 205000: ECDSA operation in progress
Time 215000: ECDSA operation in progress
Time 225000: ECDSA operation in progress
Time 235000: ECDSA operation in progress
Time 245000: ECDSA operation in progress
Time 255000: ECDSA operation in progress
Time 265000: ECDSA operation in progress
Time 275000: ECDSA operation in progress
Time 285000: ECDSA operation in progress
Time 295000: ECDSA operation in progress
Time 305000: ECDSA operation in progress
Time 315000: ECDSA operation in progress
Time 325000: ECDSA operation in progress
Time 335000: ECDSA operation in progress
Time 345000: ECDSA operation in progress
Time 355000: ECDSA operation in progress
Time 365000: ECDSA operation in progress
Time 375000: ECDSA operation in progress
Time 385000: ECDSA operation in progress
Time 395000: ECDSA operation in progress
Time 405000: ECDSA operation in progress
Time 415000: ECDSA operation in progress
Time 425000: ECDSA operation in progress
Time 435000: ECDSA operation in progress
Time 445000: ECDSA operation in progress
Time 455000: ECDSA operation in progress
Time 465000: ECDSA operation in progress
Time 475000: ECDSA operation in progress
Time 485000: ECDSA operation in progress
Time 495000: ECDSA operation in progress
Time 505000: ECDSA operation in progress
Time 515000: ECDSA operation in progress
Time 525000: ECDSA operation in progress
Time 535000: ECDSA operation in progress
Time 545000: ECDSA operation in progress
Time 555000: ECDSA operation in progress
Time 565000: ECDSA operation in progress
Time 575000: ECDSA operation in progress
Time 585000: ECDSA operation in progress
Time 595000: ECDSA operation in progress
Time 605000: ECDSA operation in progress
Time 615000: ECDSA operation in progress
Time 625000: ECDSA operation in progress
Time 635000: ECDSA operation in progress
Time 645000: ECDSA operation in progress
Time 655000: ECDSA operation in progress
Time 665000: ECDSA operation in progress
Time 675000: ECDSA operation in progress
Time 685000: ECDSA operation in progress
Time 695000: ECDSA operation in progress
Time 705000: ECDSA operation in progress
Time 715000: ECDSA operation in progress
Time 725000: ECDSA operation in progress
Time 735000: ECDSA operation in progress
Time 745000: ECDSA operation in progress
Time 755000: ECDSA operation in progress
Time 765000: ECDSA operation in progress
Time 775000: ECDSA operation in progress
Time 785000: ECDSA operation in progress
Time 795000: ECDSA operation in progress
Time 805000: ECDSA operation in progress
Time 815000: ECDSA operation in progress
Time 825000: ECDSA operation in progress
Time 835000: ECDSA operation in progress
Time 845000: ECDSA operation in progress
Time 855000: ECDSA operation in progress
Time 865000: ECDSA operation in progress
Time 875000: ECDSA operation in progress
Time 885000: ECDSA operation in progress
Time 895000: ECDSA operation in progress
Time 905000: ECDSA operation in progress
Time 915000: ECDSA operation in progress
Time 925000: ECDSA operation in progress
Time 935000: ECDSA operation in progress
Time 945000: ECDSA operation in progress
Time 955000: ECDSA operation in progress
Time 965000: ECDSA operation in progress
Time 975000: ECDSA operation in progress
Time 985000: ECDSA operation in progress
Time 995000: ECDSA operation in progress
Time 1005000: ECDSA operation in progress
Time 1015000: ECDSA operation in progress
Time 1025000: ECDSA operation in progress
Time 1035000: ECDSA operation in progress
Time 1045000: ECDSA operation in progress
Time 1055000: ECDSA operation in progress
Time 1065000: ECDSA operation in progress
Time 1075000: ECDSA operation in progress
Time 1085000: ECDSA operation in progress
Time 1095000: ECDSA operation in progress
Time 1105000: ECDSA operation in progress
Time 1115000: ECDSA operation in progress
Time 1125000: ECDSA operation in progress
Time 1135000: ECDSA operation in progress
Time 1145000: ECDSA operation in progress
Time 1155000: ECDSA operation in progress
Time 1165000: ECDSA operation in progress
Time 1175000: ECDSA operation in progress
Time 1185000: ECDSA operation in progress
Time 1195000: ECDSA operation in progress
Time 1205000: ECDSA operation in progress
Time 1215000: ECDSA operation in progress
Time 1225000: ECDSA operation in progress
Time 1235000: ECDSA operation in progress
Time 1245000: ECDSA operation in progress
Time 1255000: ECDSA operation in progress
Time 1265000: ECDSA operation in progress
Time 1275000: ECDSA operation in progress
Time 1285000: ECDSA operation in progress
Time 1295000: ECDSA operation in progress
Time 1305000: ECDSA operation in progress
Time 1315000: ECDSA operation in progress
Time 1325000: ECDSA operation in progress
Time 1335000: ECDSA operation in progress
Time 1345000: ECDSA operation in progress
Time 1355000: ECDSA operation in progress
Time 1365000: ECDSA operation in progress
Time 1375000: ECDSA operation in progress
Time 1385000: ECDSA operation in progress
Time 1395000: ECDSA operation in progress
Time 1405000: ECDSA operation in progress
Time 1415000: ECDSA operation in progress
Time 1425000: ECDSA operation in progress
Time 1435000: ECDSA operation in progress
Time 1445000: ECDSA operation in progress
Time 1455000: ECDSA operation in progress
Time 1465000: ECDSA operation in progress
Time 1475000: ECDSA operation in progress
Time 1485000: ECDSA operation in progress
Time 1495000: ECDSA operation in progress
Time 1505000: ECDSA operation in progress
Time 1515000: ECDSA operation in progress
Time 1525000: ECDSA operation in progress
Time 1535000: ECDSA operation in progress
Time 1545000: ECDSA operation in progress
Time 1555000: ECDSA operation in progress
Time 1565000: ECDSA operation in progress
Time 1575000: ECDSA operation in progress
Time 1585000: ECDSA operation in progress
Time 1595000: ECDSA operation in progress
Time 1605000: ECDSA operation in progress
Time 1615000: ECDSA operation in progress
Time 1625000: ECDSA operation in progress
Time 1635000: ECDSA operation in progress
Time 1645000: ECDSA operation in progress
Time 1655000: ECDSA operation in progress
Time 1665000: ECDSA operation in progress
Time 1675000: ECDSA operation in progress
Time 1685000: ECDSA operation in progress
Time 1695000: ECDSA operation in progress
Time 1705000: ECDSA operation in progress
Time 1715000: ECDSA operation in progress
Time 1725000: ECDSA operation in progress
Time 1735000: ECDSA operation in progress
Time 1745000: ECDSA operation in progress
Time 1755000: ECDSA operation in progress
Time 1765000: ECDSA operation in progress
Time 1775000: ECDSA operation in progress
Time 1785000: ECDSA operation in progress
Time 1795000: ECDSA operation in progress
Time 1805000: ECDSA operation in progress
Time 1815000: ECDSA operation in progress
Time 1825000: ECDSA operation in progress
Time 1835000: ECDSA operation in progress
Time 1845000: ECDSA operation in progress
Time 1855000: ECDSA operation in progress
Time 1865000: ECDSA operation in progress
Time 1875000: ECDSA operation in progress
Time 1885000: ECDSA operation in progress
Time 1895000: ECDSA operation in progress
Time 1905000: ECDSA operation in progress
Time 1915000: ECDSA operation in progress
Time 1925000: ECDSA operation in progress
Time 1935000: ECDSA operation in progress
Time 1945000: ECDSA operation in progress
Time 1955000: ECDSA operation in progress
Time 1965000: ECDSA operation in progress
Time 1975000: ECDSA operation in progress
Time 1985000: ECDSA operation in progress
Time 1995000: ECDSA operation in progress
Time 2005000: ECDSA operation in progress
Time 2015000: ECDSA operation in progress
Time 2025000: ECDSA operation in progress
Time 2035000: ECDSA operation in progress
Time 2045000: ECDSA operation in progress
Time 2055000: ECDSA operation in progress
Time 2065000: ECDSA operation in progress
Time 2075000: ECDSA operation in progress
Time 2085000: ECDSA operation in progress
Time 2095000: ECDSA operation in progress
Time 2105000: ECDSA operation in progress
Time 2115000: ECDSA operation in progress
Time 2125000: ECDSA operation in progress
Time 2135000: ECDSA operation in progress
Time 2145000: ECDSA operation in progress
Time 2155000: ECDSA operation in progress
Time 2165000: ECDSA operation in progress
Time 2175000: ECDSA operation in progress
Time 2185000: ECDSA operation in progress
Time 2195000: ECDSA operation in progress
Time 2205000: ECDSA operation in progress
Time 2215000: ECDSA operation in progress
Time 2225000: ECDSA operation in progress
Time 2235000: ECDSA operation in progress
Time 2245000: ECDSA operation in progress
Time 2255000: ECDSA operation in progress
Time 2265000: ECDSA operation in progress
Time 2275000: ECDSA operation in progress
Time 2285000: ECDSA operation in progress
Time 2295000: ECDSA operation in progress
Time 2305000: ECDSA operation in progress
Time 2315000: ECDSA operation in progress
Time 2325000: ECDSA operation in progress
Time 2335000: ECDSA operation in progress
Time 2345000: ECDSA operation in progress
Time 2355000: ECDSA operation in progress
Time 2365000: ECDSA operation in progress
Time 2375000: ECDSA operation in progress
Time 2385000: ECDSA operation in progress
Time 2395000: ECDSA operation in progress
Time 2405000: ECDSA operation in progress
Time 2415000: ECDSA operation in progress
Time 2425000: ECDSA operation in progress
Time 2435000: ECDSA operation in progress
Time 2445000: ECDSA operation in progress
Time 2455000: ECDSA operation in progress
Time 2465000: ECDSA operation in progress
Time 2475000: ECDSA operation in progress
Time 2485000: ECDSA operation in progress
Time 2495000: ECDSA operation in progress
Time 2505000: ECDSA operation in progress
Time 2515000: ECDSA operation in progress
Time 2525000: ECDSA operation in progress
Time 2535000: ECDSA operation in progress
Time 2545000: ECDSA operation in progress
Time 2555000: ECDSA operation in progress
Time 2565000: ECDSA operation in progress
Time 2575000: ECDSA operation in progress
Time 2585000: ECDSA operation in progress
Time 2595000: ECDSA operation in progress
Time 2605000: ECDSA operation in progress
Time 2615000: ECDSA operation in progress
Time 2625000: ECDSA operation in progress
Time 2635000: ECDSA operation in progress
Time 2645000: ECDSA operation in progress
Time 2655000: ECDSA operation in progress
Time 2665000: ECDSA operation in progress
Time 2675000: ECDSA operation in progress
Time 2685000: ECDSA operation in progress
Time 2695000: ECDSA operation in progress
Time 2705000: ECDSA operation in progress
Time 2715000: ECDSA operation in progress
Time 2725000: ECDSA operation in progress
Time 2735000: ECDSA operation in progress
Time 2745000: ECDSA operation in progress
Time 2755000: ECDSA operation in progress
Time 2765000: ECDSA operation in progress
Time 2775000: ECDSA operation in progress
Time 2785000: ECDSA operation in progress
Time 2795000: ECDSA operation in progress
Time 2805000: ECDSA operation in progress
Time 2815000: ECDSA operation in progress
Time 2825000: ECDSA operation in progress
Time 2835000: ECDSA operation in progress
Time 2845000: ECDSA operation in progress
Time 2855000: ECDSA operation in progress
Time 2865000: ECDSA operation in progress
Time 2875000: ECDSA operation in progress
Time 2885000: ECDSA operation in progress
Time 2895000: ECDSA operation in progress
Time 2905000: ECDSA operation in progress
Time 2915000: ECDSA operation in progress
Time 2925000: ECDSA operation in progress
Time 2935000: ECDSA operation in progress
Time 2945000: ECDSA operation in progress
Time 2955000: ECDSA operation in progress
Time 2965000: ECDSA operation in progress
Time 2975000: ECDSA operation in progress
Time 2985000: ECDSA operation in progress
Time 2995000: ECDSA operation in progress
Time 3005000: ECDSA operation in progress
Time 3015000: ECDSA operation in progress
Time 3025000: ECDSA operation in progress
Time 3035000: ECDSA operation in progress
Time 3045000: ECDSA operation in progress
Time 3055000: ECDSA operation in progress
Time 3065000: ECDSA operation in progress
Time 3075000: ECDSA operation in progress
Time 3085000: ECDSA operation in progress
Time 3095000: ECDSA operation in progress
Time 3105000: ECDSA operation in progress
Time 3115000: ECDSA operation in progress
Time 3125000: ECDSA operation in progress
Time 3135000: ECDSA operation in progress
Time 3145000: ECDSA operation in progress
Time 3155000: ECDSA operation in progress
Time 3165000: ECDSA operation in progress
Time 3175000: ECDSA operation in progress
Time 3185000: ECDSA operation in progress
Time 3195000: ECDSA operation in progress
Time 3205000: ECDSA operation in progress
Time 3215000: ECDSA operation in progress
Time 3225000: ECDSA operation in progress
Time 3235000: ECDSA operation in progress
Time 3245000: ECDSA operation in progress
Time 3255000: ECDSA operation in progress
Time 3265000: ECDSA operation in progress
Time 3275000: ECDSA operation in progress
Time 3285000: ECDSA operation in progress
Time 3295000: ECDSA operation in progress
Time 3305000: ECDSA operation in progress
Time 3315000: ECDSA operation in progress
Time 3325000: ECDSA operation in progress
Time 3335000: ECDSA operation in progress
Time 3345000: ECDSA operation in progress
Time 3355000: ECDSA operation in progress
Time 3365000: ECDSA operation in progress
Time 3375000: ECDSA operation in progress
Time 3385000: ECDSA operation in progress
Time 3395000: ECDSA operation in progress
Time 3405000: ECDSA operation in progress
Time 3415000: ECDSA operation in progress
Time 3425000: ECDSA operation in progress
Time 3435000: ECDSA operation in progress
Time 3445000: ECDSA operation in progress
Time 3455000: ECDSA operation in progress
Time 3465000: ECDSA operation in progress
Time 3475000: ECDSA operation in progress
Time 3485000: ECDSA operation in progress
Time 3495000: ECDSA operation in progress
Time 3505000: ECDSA operation in progress
Time 3515000: ECDSA operation in progress
Time 3525000: ECDSA operation in progress
Time 3535000: ECDSA operation in progress
Time 3545000: ECDSA operation in progress
Time 3555000: ECDSA operation in progress
Time 3565000: ECDSA operation in progress
Time 3575000: ECDSA operation in progress
Time 3585000: ECDSA operation in progress
Time 3595000: ECDSA operation in progress
Time 3605000: ECDSA operation in progress
Time 3615000: ECDSA operation in progress
Time 3625000: ECDSA operation in progress
Time 3635000: ECDSA operation in progress
Time 3645000: ECDSA operation in progress
Time 3655000: ECDSA operation in progress
Time 3665000: ECDSA operation in progress
Time 3675000: ECDSA operation in progress
Time 3685000: ECDSA operation in progress
Error occurred during signature generation!
Time 3695000: ECDSA operation failed
=== Test Case 2: Different Message ===
Time 3745000: ECDSA operation in progress
Time 3755000: ECDSA operation in progress
Time 3765000: ECDSA operation in progress
Time 3775000: ECDSA operation in progress
Time 3785000: ECDSA operation in progress
Time 3795000: ECDSA operation in progress
Time 3805000: ECDSA operation in progress
Time 3815000: ECDSA operation in progress
Time 3825000: ECDSA operation in progress
Time 3835000: ECDSA operation in progress
Time 3845000: ECDSA operation in progress
Time 3855000: ECDSA operation in progress
Time 3865000: ECDSA operation in progress
Time 3875000: ECDSA operation in progress
Time 3885000: ECDSA operation in progress
Time 3895000: ECDSA operation in progress
Time 3905000: ECDSA operation in progress
Time 3915000: ECDSA operation in progress
Time 3925000: ECDSA operation in progress
Time 3935000: ECDSA operation in progress
Time 3945000: ECDSA operation in progress
Time 3955000: ECDSA operation in progress
Time 3965000: ECDSA operation in progress
Time 3975000: ECDSA operation in progress
Time 3985000: ECDSA operation in progress
Time 3995000: ECDSA operation in progress
Time 4005000: ECDSA operation in progress
Time 4015000: ECDSA operation in progress
Time 4025000: ECDSA operation in progress
Time 4035000: ECDSA operation in progress
Time 4045000: ECDSA operation in progress
Time 4055000: ECDSA operation in progress
Time 4065000: ECDSA operation in progress
Time 4075000: ECDSA operation in progress
Time 4085000: ECDSA operation in progress
Time 4095000: ECDSA operation in progress
Time 4105000: ECDSA operation in progress
Time 4115000: ECDSA operation in progress
Time 4125000: ECDSA operation in progress
Time 4135000: ECDSA operation in progress
Time 4145000: ECDSA operation in progress
Time 4155000: ECDSA operation in progress
Time 4165000: ECDSA operation in progress
Time 4175000: ECDSA operation in progress
Time 4185000: ECDSA operation in progress
Time 4195000: ECDSA operation in progress
Time 4205000: ECDSA operation in progress
Time 4215000: ECDSA operation in progress
Time 4225000: ECDSA operation in progress
Time 4235000: ECDSA operation in progress
Time 4245000: ECDSA operation in progress
Time 4255000: ECDSA operation in progress
Time 4265000: ECDSA operation in progress
Time 4275000: ECDSA operation in progress
Time 4285000: ECDSA operation in progress
Time 4295000: ECDSA operation in progress
Time 4305000: ECDSA operation in progress
Time 4315000: ECDSA operation in progress
Time 4325000: ECDSA operation in progress
Time 4335000: ECDSA operation in progress
Time 4345000: ECDSA operation in progress
Time 4355000: ECDSA operation in progress
Time 4365000: ECDSA operation in progress
Time 4375000: ECDSA operation in progress
Time 4385000: ECDSA operation in progress
Time 4395000: ECDSA operation in progress
Time 4405000: ECDSA operation in progress
Time 4415000: ECDSA operation in progress
Time 4425000: ECDSA operation in progress
Time 4435000: ECDSA operation in progress
Time 4445000: ECDSA operation in progress
Time 4455000: ECDSA operation in progress
Time 4465000: ECDSA operation in progress
Time 4475000: ECDSA operation in progress
Time 4485000: ECDSA operation in progress
Time 4495000: ECDSA operation in progress
Time 4505000: ECDSA operation in progress
Time 4515000: ECDSA operation in progress
Time 4525000: ECDSA operation in progress
Time 4535000: ECDSA operation in progress
Time 4545000: ECDSA operation in progress
Time 4555000: ECDSA operation in progress
Time 4565000: ECDSA operation in progress
Time 4575000: ECDSA operation in progress
Time 4585000: ECDSA operation in progress
Time 4595000: ECDSA operation in progress
Time 4605000: ECDSA operation in progress
Time 4615000: ECDSA operation in progress
Time 4625000: ECDSA operation in progress
Time 4635000: ECDSA operation in progress
Time 4645000: ECDSA operation in progress
Time 4655000: ECDSA operation in progress
Time 4665000: ECDSA operation in progress
Time 4675000: ECDSA operation in progress
Time 4685000: ECDSA operation in progress
Time 4695000: ECDSA operation in progress
Time 4705000: ECDSA operation in progress
Time 4715000: ECDSA operation in progress
Time 4725000: ECDSA operation in progress
Time 4735000: ECDSA operation in progress
Time 4745000: ECDSA operation in progress
Time 4755000: ECDSA operation in progress
Time 4765000: ECDSA operation in progress
Time 4775000: ECDSA operation in progress
Time 4785000: ECDSA operation in progress
Time 4795000: ECDSA operation in progress
Time 4805000: ECDSA operation in progress
Time 4815000: ECDSA operation in progress
Time 4825000: ECDSA operation in progress
Time 4835000: ECDSA operation in progress
Time 4845000: ECDSA operation in progress
Time 4855000: ECDSA operation in progress
Time 4865000: ECDSA operation in progress
Time 4875000: ECDSA operation in progress
Time 4885000: ECDSA operation in progress
Time 4895000: ECDSA operation in progress
Time 4905000: ECDSA operation in progress
Time 4915000: ECDSA operation in progress
Time 4925000: ECDSA operation in progress
Time 4935000: ECDSA operation in progress
Time 4945000: ECDSA operation in progress
Time 4955000: ECDSA operation in progress
Time 4965000: ECDSA operation in progress
Time 4975000: ECDSA operation in progress
Time 4985000: ECDSA operation in progress
Time 4995000: ECDSA operation in progress
Time 5005000: ECDSA operation in progress
Time 5015000: ECDSA operation in progress
Time 5025000: ECDSA operation in progress
Time 5035000: ECDSA operation in progress
Time 5045000: ECDSA operation in progress
Time 5055000: ECDSA operation in progress
Time 5065000: ECDSA operation in progress
Time 5075000: ECDSA operation in progress
Time 5085000: ECDSA operation in progress
Time 5095000: ECDSA operation in progress
Time 5105000: ECDSA operation in progress
Time 5115000: ECDSA operation in progress
Time 5125000: ECDSA operation in progress
Time 5135000: ECDSA operation in progress
Time 5145000: ECDSA operation in progress
Time 5155000: ECDSA operation in progress
Time 5165000: ECDSA operation in progress
Time 5175000: ECDSA operation in progress
Time 5185000: ECDSA operation in progress
Time 5195000: ECDSA operation in progress
Time 5205000: ECDSA operation in progress
Time 5215000: ECDSA operation in progress
Time 5225000: ECDSA operation in progress
Time 5235000: ECDSA operation in progress
Time 5245000: ECDSA operation in progress
Error occurred during signature generation!
Time 5255000: ECDSA operation failed
=== Test Case 3: Zero Inputs ===
Time 5305000: ECDSA operation in progress
Time 5315000: ECDSA operation in progress
Time 5325000: ECDSA operation in progress
Time 5335000: ECDSA operation in progress
Time 5345000: ECDSA operation in progress
Time 5355000: ECDSA operation in progress
Time 5365000: ECDSA operation in progress
Time 5375000: ECDSA operation in progress
Time 5385000: ECDSA operation in progress
Time 5395000: ECDSA operation in progress
Time 5405000: ECDSA operation in progress
Time 5415000: ECDSA operation in progress
Time 5425000: ECDSA operation in progress
Time 5435000: ECDSA operation in progress
Time 5445000: ECDSA operation in progress
Time 5455000: ECDSA operation in progress
Time 5465000: ECDSA operation in progress
Time 5475000: ECDSA operation in progress
Time 5485000: ECDSA operation in progress
Time 5495000: ECDSA operation in progress
Time 5505000: ECDSA operation in progress
Time 5515000: ECDSA operation in progress
Time 5525000: ECDSA operation in progress
Time 5535000: ECDSA operation in progress
Time 5545000: ECDSA operation in progress
Time 5555000: ECDSA operation in progress
Time 5565000: ECDSA operation in progress
Time 5575000: ECDSA operation in progress
Time 5585000: ECDSA operation in progress
Time 5595000: ECDSA operation in progress
Time 5605000: ECDSA operation in progress
Time 5615000: ECDSA operation in progress
Time 5625000: ECDSA operation in progress
Time 5635000: ECDSA operation in progress
Time 5645000: ECDSA operation in progress
Time 5655000: ECDSA operation in progress
Time 5665000: ECDSA operation in progress
Time 5675000: ECDSA operation in progress
Time 5685000: ECDSA operation in progress
Time 5695000: ECDSA operation in progress
Time 5705000: ECDSA operation in progress
Time 5715000: ECDSA operation in progress
Time 5725000: ECDSA operation in progress
Time 5735000: ECDSA operation in progress
Time 5745000: ECDSA operation in progress
Time 5755000: ECDSA operation in progress
Time 5765000: ECDSA operation in progress
Time 5775000: ECDSA operation in progress
Time 5785000: ECDSA operation in progress
Time 5795000: ECDSA operation in progress
Time 5805000: ECDSA operation in progress
Time 5815000: ECDSA operation in progress
Time 5825000: ECDSA operation in progress
Time 5835000: ECDSA operation in progress
Time 5845000: ECDSA operation in progress
Time 5855000: ECDSA operation in progress
Time 5865000: ECDSA operation in progress
Time 5875000: ECDSA operation in progress
Time 5885000: ECDSA operation in progress
Time 5895000: ECDSA operation in progress
Time 5905000: ECDSA operation in progress
Time 5915000: ECDSA operation in progress
Time 5925000: ECDSA operation in progress
Time 5935000: ECDSA operation in progress
Time 5945000: ECDSA operation in progress
Time 5955000: ECDSA operation in progress
Time 5965000: ECDSA operation in progress
Time 5975000: ECDSA operation in progress
Time 5985000: ECDSA operation in progress
Time 5995000: ECDSA operation in progress
Time 6005000: ECDSA operation in progress
Time 6015000: ECDSA operation in progress
Time 6025000: ECDSA operation in progress
Time 6035000: ECDSA operation in progress
Time 6045000: ECDSA operation in progress
Time 6055000: ECDSA operation in progress
Time 6065000: ECDSA operation in progress
Time 6075000: ECDSA operation in progress
Time 6085000: ECDSA operation in progress
Time 6095000: ECDSA operation in progress
Time 6105000: ECDSA operation in progress
Time 6115000: ECDSA operation in progress
Time 6125000: ECDSA operation in progress
Time 6135000: ECDSA operation in progress
Time 6145000: ECDSA operation in progress
Time 6155000: ECDSA operation in progress
Time 6165000: ECDSA operation in progress
Time 6175000: ECDSA operation in progress
Time 6185000: ECDSA operation in progress
Time 6195000: ECDSA operation in progress
Time 6205000: ECDSA operation in progress
Time 6215000: ECDSA operation in progress
Time 6225000: ECDSA operation in progress
Time 6235000: ECDSA operation in progress
Time 6245000: ECDSA operation in progress
Time 6255000: ECDSA operation in progress
Time 6265000: ECDSA operation in progress
Time 6275000: ECDSA operation in progress
Time 6285000: ECDSA operation in progress
Time 6295000: ECDSA operation in progress
Time 6305000: ECDSA operation in progress
Time 6315000: ECDSA operation in progress
Time 6325000: ECDSA operation in progress
Time 6335000: ECDSA operation in progress
Time 6345000: ECDSA operation in progress
Time 6355000: ECDSA operation in progress
Time 6365000: ECDSA operation in progress
Time 6375000: ECDSA operation in progress
Time 6385000: ECDSA operation in progress
Time 6395000: ECDSA operation in progress
Time 6405000: ECDSA operation in progress
Time 6415000: ECDSA operation in progress
Time 6425000: ECDSA operation in progress
Time 6435000: ECDSA operation in progress
Time 6445000: ECDSA operation in progress
Time 6455000: ECDSA operation in progress
Time 6465000: ECDSA operation in progress
Time 6475000: ECDSA operation in progress
Time 6485000: ECDSA operation in progress
Time 6495000: ECDSA operation in progress
Time 6505000: ECDSA operation in progress
Time 6515000: ECDSA operation in progress
Time 6525000: ECDSA operation in progress
Time 6535000: ECDSA operation in progress
Time 6545000: ECDSA operation in progress
Time 6555000: ECDSA operation in progress
Time 6565000: ECDSA operation in progress
Time 6575000: ECDSA operation in progress
Time 6585000: ECDSA operation in progress
Time 6595000: ECDSA operation in progress
Time 6605000: ECDSA operation in progress
Time 6615000: ECDSA operation in progress
Time 6625000: ECDSA operation in progress
Time 6635000: ECDSA operation in progress
Time 6645000: ECDSA operation in progress
Time 6655000: ECDSA operation in progress
Time 6665000: ECDSA operation in progress
Time 6675000: ECDSA operation in progress
Time 6685000: ECDSA operation in progress
Time 6695000: ECDSA operation in progress
Time 6705000: ECDSA operation in progress
Time 6715000: ECDSA operation in progress
Time 6725000: ECDSA operation in progress
Time 6735000: ECDSA operation in progress
Time 6745000: ECDSA operation in progress
Time 6755000: ECDSA operation in progress
Time 6765000: ECDSA operation in progress
Time 6775000: ECDSA operation in progress
Time 6785000: ECDSA operation in progress
Time 6795000: ECDSA operation in progress
Time 6805000: ECDSA operation in progress
Time 6815000: ECDSA operation in progress
Time 6825000: ECDSA operation in progress
Time 6835000: ECDSA operation in progress
Time 6845000: ECDSA operation in progress
Time 6855000: ECDSA operation in progress
Time 6865000: ECDSA operation in progress
Time 6875000: ECDSA operation in progress
Time 6885000: ECDSA operation in progress
Time 6895000: ECDSA operation in progress
Time 6905000: ECDSA operation in progress
Time 6915000: ECDSA operation in progress
Time 6925000: ECDSA operation in progress
Time 6935000: ECDSA operation in progress
Time 6945000: ECDSA operation in progress
Time 6955000: ECDSA operation in progress
Time 6965000: ECDSA operation in progress
Time 6975000: ECDSA operation in progress
Time 6985000: ECDSA operation in progress
Time 6995000: ECDSA operation in progress
Time 7005000: ECDSA operation in progress
Time 7015000: ECDSA operation in progress
Time 7025000: ECDSA operation in progress
Time 7035000: ECDSA operation in progress
Time 7045000: ECDSA operation in progress
Time 7055000: ECDSA operation in progress
Time 7065000: ECDSA operation in progress
Time 7075000: ECDSA operation in progress
Time 7085000: ECDSA operation in progress
Time 7095000: ECDSA operation in progress
Time 7105000: ECDSA operation in progress
Time 7115000: ECDSA operation in progress
Time 7125000: ECDSA operation in progress
Time 7135000: ECDSA operation in progress
Time 7145000: ECDSA operation in progress
Time 7155000: ECDSA operation in progress
Time 7165000: ECDSA operation in progress
Time 7175000: ECDSA operation in progress
Time 7185000: ECDSA operation in progress
Time 7195000: ECDSA operation in progress
Time 7205000: ECDSA operation in progress
Time 7215000: ECDSA operation in progress
Time 7225000: ECDSA operation in progress
Time 7235000: ECDSA operation in progress
Time 7245000: ECDSA operation in progress
Time 7255000: ECDSA operation in progress
Time 7265000: ECDSA operation in progress
Time 7275000: ECDSA operation in progress
Time 7285000: ECDSA operation in progress
Time 7295000: ECDSA operation in progress
Time 7305000: ECDSA operation in progress
Time 7315000: ECDSA operation in progress
Time 7325000: ECDSA operation in progress
Time 7335000: ECDSA operation in progress
Time 7345000: ECDSA operation in progress
Time 7355000: ECDSA operation in progress
Time 7365000: ECDSA operation in progress
Time 7375000: ECDSA operation in progress
Time 7385000: ECDSA operation in progress
Time 7395000: ECDSA operation in progress
Time 7405000: ECDSA operation in progress
Time 7415000: ECDSA operation in progress
Time 7425000: ECDSA operation in progress
Time 7435000: ECDSA operation in progress
Time 7445000: ECDSA operation in progress
Time 7455000: ECDSA operation in progress
Time 7465000: ECDSA operation in progress
Time 7475000: ECDSA operation in progress
Time 7485000: ECDSA operation in progress
Time 7495000: ECDSA operation in progress
Time 7505000: ECDSA operation in progress
Time 7515000: ECDSA operation in progress
Time 7525000: ECDSA operation in progress
Time 7535000: ECDSA operation in progress
Time 7545000: ECDSA operation in progress
Time 7555000: ECDSA operation in progress
Time 7565000: ECDSA operation in progress
Time 7575000: ECDSA operation in progress
Time 7585000: ECDSA operation in progress
Time 7595000: ECDSA operation in progress
Time 7605000: ECDSA operation in progress
Time 7615000: ECDSA operation in progress
Time 7625000: ECDSA operation in progress
Time 7635000: ECDSA operation in progress
Time 7645000: ECDSA operation in progress
Time 7655000: ECDSA operation in progress
Time 7665000: ECDSA operation in progress
Time 7675000: ECDSA operation in progress
Time 7685000: ECDSA operation in progress
Time 7695000: ECDSA operation in progress
Time 7705000: ECDSA operation in progress
Time 7715000: ECDSA operation in progress
Time 7725000: ECDSA operation in progress
Time 7735000: ECDSA operation in progress
Time 7745000: ECDSA operation in progress
Time 7755000: ECDSA operation in progress
Time 7765000: ECDSA operation in progress
Time 7775000: ECDSA operation in progress
Time 7785000: ECDSA operation in progress
Time 7795000: ECDSA operation in progress
Time 7805000: ECDSA operation in progress
Time 7815000: ECDSA operation in progress
Time 7825000: ECDSA operation in progress
Time 7835000: ECDSA operation in progress
Error occurred with zero inputs (expected)!
Time 7845000: ECDSA operation failed
=== Test Case 4: Maximum Values ===
Time 7895000: ECDSA operation in progress
Time 7905000: ECDSA operation in progress
Time 7915000: ECDSA operation in progress
Time 7925000: ECDSA operation in progress
Time 7935000: ECDSA operation in progress
Time 7945000: ECDSA operation in progress
Time 7955000: ECDSA operation in progress
Time 7965000: ECDSA operation in progress
Time 7975000: ECDSA operation in progress
Time 7985000: ECDSA operation in progress
Time 7995000: ECDSA operation in progress
Time 8005000: ECDSA operation in progress
Time 8015000: ECDSA operation in progress
Time 8025000: ECDSA operation in progress
Time 8035000: ECDSA operation in progress
Time 8045000: ECDSA operation in progress
Time 8055000: ECDSA operation in progress
Time 8065000: ECDSA operation in progress
Time 8075000: ECDSA operation in progress
Time 8085000: ECDSA operation in progress
Time 8095000: ECDSA operation in progress
Time 8105000: ECDSA operation in progress
Time 8115000: ECDSA operation in progress
Time 8125000: ECDSA operation in progress
Time 8135000: ECDSA operation in progress
Time 8145000: ECDSA operation in progress
Time 8155000: ECDSA operation in progress
Time 8165000: ECDSA operation in progress
Time 8175000: ECDSA operation in progress
Time 8185000: ECDSA operation in progress
Time 8195000: ECDSA operation in progress
Time 8205000: ECDSA operation in progress
Time 8215000: ECDSA operation in progress
Time 8225000: ECDSA operation in progress
Time 8235000: ECDSA operation in progress
Time 8245000: ECDSA operation in progress
Time 8255000: ECDSA operation in progress
Time 8265000: ECDSA operation in progress
Time 8275000: ECDSA operation in progress
Time 8285000: ECDSA operation in progress
Time 8295000: ECDSA operation in progress
Time 8305000: ECDSA operation in progress
Time 8315000: ECDSA operation in progress
Time 8325000: ECDSA operation in progress
Time 8335000: ECDSA operation in progress
Time 8345000: ECDSA operation in progress
Time 8355000: ECDSA operation in progress
Time 8365000: ECDSA operation in progress
Time 8375000: ECDSA operation in progress
Time 8385000: ECDSA operation in progress
Time 8395000: ECDSA operation in progress
Time 8405000: ECDSA operation in progress
Time 8415000: ECDSA operation in progress
Time 8425000: ECDSA operation in progress
Time 8435000: ECDSA operation in progress
Time 8445000: ECDSA operation in progress
Time 8455000: ECDSA operation in progress
Time 8465000: ECDSA operation in progress
Time 8475000: ECDSA operation in progress
Time 8485000: ECDSA operation in progress
Time 8495000: ECDSA operation in progress
Time 8505000: ECDSA operation in progress
Time 8515000: ECDSA operation in progress
Time 8525000: ECDSA operation in progress
Time 8535000: ECDSA operation in progress
Time 8545000: ECDSA operation in progress
Time 8555000: ECDSA operation in progress
Time 8565000: ECDSA operation in progress
Time 8575000: ECDSA operation in progress
Time 8585000: ECDSA operation in progress
Time 8595000: ECDSA operation in progress
Time 8605000: ECDSA operation in progress
Time 8615000: ECDSA operation in progress
Time 8625000: ECDSA operation in progress
Time 8635000: ECDSA operation in progress
Time 8645000: ECDSA operation in progress
Time 8655000: ECDSA operation in progress
Time 8665000: ECDSA operation in progress
Time 8675000: ECDSA operation in progress
Time 8685000: ECDSA operation in progress
Time 8695000: ECDSA operation in progress
Time 8705000: ECDSA operation in progress
Time 8715000: ECDSA operation in progress
Time 8725000: ECDSA operation in progress
Time 8735000: ECDSA operation in progress
Time 8745000: ECDSA operation in progress
Time 8755000: ECDSA operation in progress
Time 8765000: ECDSA operation in progress
Time 8775000: ECDSA operation in progress
Time 8785000: ECDSA operation in progress
Time 8795000: ECDSA operation in progress
Time 8805000: ECDSA operation in progress
Time 8815000: ECDSA operation in progress
Time 8825000: ECDSA operation in progress
Time 8835000: ECDSA operation in progress
Time 8845000: ECDSA operation in progress
Time 8855000: ECDSA operation in progress
Time 8865000: ECDSA operation in progress
Time 8875000: ECDSA operation in progress
Time 8885000: ECDSA operation in progress
Time 8895000: ECDSA operation in progress
Time 8905000: ECDSA operation in progress
Time 8915000: ECDSA operation in progress
Time 8925000: ECDSA operation in progress
Time 8935000: ECDSA operation in progress
Time 8945000: ECDSA operation in progress
Time 8955000: ECDSA operation in progress
Time 8965000: ECDSA operation in progress
Time 8975000: ECDSA operation in progress
Time 8985000: ECDSA operation in progress
Time 8995000: ECDSA operation in progress
Time 9005000: ECDSA operation in progress
Time 9015000: ECDSA operation in progress
Time 9025000: ECDSA operation in progress
Time 9035000: ECDSA operation in progress
Time 9045000: ECDSA operation in progress
Time 9055000: ECDSA operation in progress
Time 9065000: ECDSA operation in progress
Time 9075000: ECDSA operation in progress
Time 9085000: ECDSA operation in progress
Time 9095000: ECDSA operation in progress
Time 9105000: ECDSA operation in progress
Time 9115000: ECDSA operation in progress
Time 9125000: ECDSA operation in progress
Time 9135000: ECDSA operation in progress
Time 9145000: ECDSA operation in progress
Time 9155000: ECDSA operation in progress
Time 9165000: ECDSA operation in progress
Time 9175000: ECDSA operation in progress
Time 9185000: ECDSA operation in progress
Time 9195000: ECDSA operation in progress
Time 9205000: ECDSA operation in progress
Time 9215000: ECDSA operation in progress
Time 9225000: ECDSA operation in progress
Time 9235000: ECDSA operation in progress
Time 9245000: ECDSA operation in progress
Time 9255000: ECDSA operation in progress
Time 9265000: ECDSA operation in progress
Time 9275000: ECDSA operation in progress
Time 9285000: ECDSA operation in progress
Time 9295000: ECDSA operation in progress
Time 9305000: ECDSA operation in progress
Time 9315000: ECDSA operation in progress
Time 9325000: ECDSA operation in progress
Time 9335000: ECDSA operation in progress
Time 9345000: ECDSA operation in progress
Time 9355000: ECDSA operation in progress
Time 9365000: ECDSA operation in progress
Time 9375000: ECDSA operation in progress
Time 9385000: ECDSA operation in progress
Time 9395000: ECDSA operation in progress
Time 9405000: ECDSA operation in progress
Time 9415000: ECDSA operation in progress
Time 9425000: ECDSA operation in progress
Time 9435000: ECDSA operation in progress
Time 9445000: ECDSA operation in progress
Time 9455000: ECDSA operation in progress
Time 9465000: ECDSA operation in progress
Time 9475000: ECDSA operation in progress
Time 9485000: ECDSA operation in progress
Time 9495000: ECDSA operation in progress
Time 9505000: ECDSA operation in progress
Time 9515000: ECDSA operation in progress
Time 9525000: ECDSA operation in progress
Time 9535000: ECDSA operation in progress
Time 9545000: ECDSA operation in progress
Time 9555000: ECDSA operation in progress
Time 9565000: ECDSA operation in progress
Time 9575000: ECDSA operation in progress
Time 9585000: ECDSA operation in progress
Time 9595000: ECDSA operation in progress
Time 9605000: ECDSA operation in progress
Time 9615000: ECDSA operation in progress
Time 9625000: ECDSA operation in progress
Time 9635000: ECDSA operation in progress
Time 9645000: ECDSA operation in progress
Time 9655000: ECDSA operation in progress
Time 9665000: ECDSA operation in progress
Time 9675000: ECDSA operation in progress
Time 9685000: ECDSA operation in progress
Time 9695000: ECDSA operation in progress
Time 9705000: ECDSA operation in progress
Time 9715000: ECDSA operation in progress
Time 9725000: ECDSA operation in progress
Time 9735000: ECDSA operation in progress
Time 9745000: ECDSA operation in progress
Time 9755000: ECDSA operation in progress
Time 9765000: ECDSA operation in progress
Time 9775000: ECDSA operation in progress
Time 9785000: ECDSA operation in progress
Time 9795000: ECDSA operation in progress
Time 9805000: ECDSA operation in progress
Time 9815000: ECDSA operation in progress
Time 9825000: ECDSA operation in progress
Time 9835000: ECDSA operation in progress
Time 9845000: ECDSA operation in progress
Time 9855000: ECDSA operation in progress
Time 9865000: ECDSA operation in progress
Time 9875000: ECDSA operation in progress
Time 9885000: ECDSA operation in progress
Time 9895000: ECDSA operation in progress
Time 9905000: ECDSA operation in progress
Time 9915000: ECDSA operation in progress
Time 9925000: ECDSA operation in progress
Time 9935000: ECDSA operation in progress
Time 9945000: ECDSA operation in progress
Time 9955000: ECDSA operation in progress
Time 9965000: ECDSA operation in progress
Time 9975000: ECDSA operation in progress
Time 9985000: ECDSA operation in progress
Time 9995000: ECDSA operation in progress
Time 10005000: ECDSA operation in progress
Time 10015000: ECDSA operation in progress
Time 10025000: ECDSA operation in progress
Time 10035000: ECDSA operation in progress
Time 10045000: ECDSA operation in progress
Time 10055000: ECDSA operation in progress
Time 10065000: ECDSA operation in progress
Time 10075000: ECDSA operation in progress
Time 10085000: ECDSA operation in progress
Time 10095000: ECDSA operation in progress
Time 10105000: ECDSA operation in progress
Time 10115000: ECDSA operation in progress
Time 10125000: ECDSA operation in progress
Time 10135000: ECDSA operation in progress
Time 10145000: ECDSA operation in progress
Time 10155000: ECDSA operation in progress
Time 10165000: ECDSA operation in progress
Time 10175000: ECDSA operation in progress
Time 10185000: ECDSA operation in progress
Time 10195000: ECDSA operation in progress
Time 10205000: ECDSA operation in progress
Time 10215000: ECDSA operation in progress
Time 10225000: ECDSA operation in progress
Time 10235000: ECDSA operation in progress
Time 10245000: ECDSA operation in progress
Time 10255000: ECDSA operation in progress
Time 10265000: ECDSA operation in progress
Time 10275000: ECDSA operation in progress
Time 10285000: ECDSA operation in progress
Time 10295000: ECDSA operation in progress
Time 10305000: ECDSA operation in progress
Time 10315000: ECDSA operation in progress
Time 10325000: ECDSA operation in progress
Time 10335000: ECDSA operation in progress
Time 10345000: ECDSA operation in progress
Time 10355000: ECDSA operation in progress
Time 10365000: ECDSA operation in progress
Time 10375000: ECDSA operation in progress
Time 10385000: ECDSA operation in progress
Time 10395000: ECDSA operation in progress
Time 10405000: ECDSA operation in progress
Time 10415000: ECDSA operation in progress
Time 10425000: ECDSA operation in progress
Time 10435000: ECDSA operation in progress
Time 10445000: ECDSA operation in progress
Time 10455000: ECDSA operation in progress
Time 10465000: ECDSA operation in progress
Time 10475000: ECDSA operation in progress
Time 10485000: ECDSA operation in progress
Time 10495000: ECDSA operation in progress
Time 10505000: ECDSA operation in progress
Error occurred with maximum values!
Time 10515000: ECDSA operation failed
=== Test Case 5: V Component Validation ===
Time 10565000: ECDSA operation in progress
Time 10575000: ECDSA operation in progress
Time 10585000: ECDSA operation in progress
Time 10595000: ECDSA operation in progress
Time 10605000: ECDSA operation in progress
Time 10615000: ECDSA operation in progress
Time 10625000: ECDSA operation in progress
Time 10635000: ECDSA operation in progress
Time 10645000: ECDSA operation in progress
Time 10655000: ECDSA operation in progress
Time 10665000: ECDSA operation in progress
Time 10675000: ECDSA operation in progress
Time 10685000: ECDSA operation in progress
Time 10695000: ECDSA operation in progress
Time 10705000: ECDSA operation in progress
Time 10715000: ECDSA operation in progress
Time 10725000: ECDSA operation in progress
Time 10735000: ECDSA operation in progress
Time 10745000: ECDSA operation in progress
Time 10755000: ECDSA operation in progress
Time 10765000: ECDSA operation in progress
Time 10775000: ECDSA operation in progress
Time 10785000: ECDSA operation in progress
Time 10795000: ECDSA operation in progress
Time 10805000: ECDSA operation in progress
Time 10815000: ECDSA operation in progress
Time 10825000: ECDSA operation in progress
Time 10835000: ECDSA operation in progress
Time 10845000: ECDSA operation in progress
Time 10855000: ECDSA operation in progress
Time 10865000: ECDSA operation in progress
Time 10875000: ECDSA operation in progress
Time 10885000: ECDSA operation in progress
Time 10895000: ECDSA operation in progress
Time 10905000: ECDSA operation in progress
Time 10915000: ECDSA operation in progress
Time 10925000: ECDSA operation in progress
Time 10935000: ECDSA operation in progress
Time 10945000: ECDSA operation in progress
Time 10955000: ECDSA operation in progress
Time 10965000: ECDSA operation in progress
Time 10975000: ECDSA operation in progress
Time 10985000: ECDSA operation in progress
Time 10995000: ECDSA operation in progress
Time 11005000: ECDSA operation in progress
Time 11015000: ECDSA operation in progress
Time 11025000: ECDSA operation in progress
Time 11035000: ECDSA operation in progress
Time 11045000: ECDSA operation in progress
Time 11055000: ECDSA operation in progress
Time 11065000: ECDSA operation in progress
Time 11075000: ECDSA operation in progress
Time 11085000: ECDSA operation in progress
Time 11095000: ECDSA operation in progress
Time 11105000: ECDSA operation in progress
Time 11115000: ECDSA operation in progress
Time 11125000: ECDSA operation in progress
Time 11135000: ECDSA operation in progress
Time 11145000: ECDSA operation in progress
Time 11155000: ECDSA operation in progress
Time 11165000: ECDSA operation in progress
Time 11175000: ECDSA operation in progress
Time 11185000: ECDSA operation in progress
Time 11195000: ECDSA operation in progress
Time 11205000: ECDSA operation in progress
Time 11215000: ECDSA operation in progress
Time 11225000: ECDSA operation in progress
Time 11235000: ECDSA operation in progress
Time 11245000: ECDSA operation in progress
Time 11255000: ECDSA operation in progress
Time 11265000: ECDSA operation in progress
Time 11275000: ECDSA operation in progress
Time 11285000: ECDSA operation in progress
Time 11295000: ECDSA operation in progress
Time 11305000: ECDSA operation in progress
Time 11315000: ECDSA operation in progress
Time 11325000: ECDSA operation in progress
Time 11335000: ECDSA operation in progress
Time 11345000: ECDSA operation in progress
Time 11355000: ECDSA operation in progress
Time 11365000: ECDSA operation in progress
Time 11375000: ECDSA operation in progress
Time 11385000: ECDSA operation in progress
Time 11395000: ECDSA operation in progress
Time 11405000: ECDSA operation in progress
Time 11415000: ECDSA operation in progress
Time 11425000: ECDSA operation in progress
Time 11435000: ECDSA operation in progress
Time 11445000: ECDSA operation in progress
Time 11455000: ECDSA operation in progress
Time 11465000: ECDSA operation in progress
Time 11475000: ECDSA operation in progress
Time 11485000: ECDSA operation in progress
Time 11495000: ECDSA operation in progress
Time 11505000: ECDSA operation in progress
Time 11515000: ECDSA operation in progress
Time 11525000: ECDSA operation in progress
Time 11535000: ECDSA operation in progress
Time 11545000: ECDSA operation in progress
Time 11555000: ECDSA operation in progress
Time 11565000: ECDSA operation in progress
Time 11575000: ECDSA operation in progress
Time 11585000: ECDSA operation in progress
Time 11595000: ECDSA operation in progress
Time 11605000: ECDSA operation in progress
Time 11615000: ECDSA operation in progress
Time 11625000: ECDSA operation in progress
Time 11635000: ECDSA operation in progress
Time 11645000: ECDSA operation in progress
Time 11655000: ECDSA operation in progress
Time 11665000: ECDSA operation in progress
Time 11675000: ECDSA operation in progress
Time 11685000: ECDSA operation in progress
Time 11695000: ECDSA operation in progress
Time 11705000: ECDSA operation in progress
Time 11715000: ECDSA operation in progress
Time 11725000: ECDSA operation in progress
Time 11735000: ECDSA operation in progress
Time 11745000: ECDSA operation in progress
Time 11755000: ECDSA operation in progress
Time 11765000: ECDSA operation in progress
Time 11775000: ECDSA operation in progress
Time 11785000: ECDSA operation in progress
Time 11795000: ECDSA operation in progress
Time 11805000: ECDSA operation in progress
Time 11815000: ECDSA operation in progress
Time 11825000: ECDSA operation in progress
Time 11835000: ECDSA operation in progress
Time 11845000: ECDSA operation in progress
Time 11855000: ECDSA operation in progress
Time 11865000: ECDSA operation in progress
Time 11875000: ECDSA operation in progress
Time 11885000: ECDSA operation in progress
Time 11895000: ECDSA operation in progress
Time 11905000: ECDSA operation in progress
Time 11915000: ECDSA operation in progress
Time 11925000: ECDSA operation in progress
Time 11935000: ECDSA operation in progress
Time 11945000: ECDSA operation in progress
Time 11955000: ECDSA operation in progress
Time 11965000: ECDSA operation in progress
Time 11975000: ECDSA operation in progress
Time 11985000: ECDSA operation in progress
Time 11995000: ECDSA operation in progress
Time 12005000: ECDSA operation in progress
Time 12015000: ECDSA operation in progress
Time 12025000: ECDSA operation in progress
Time 12035000: ECDSA operation in progress
Time 12045000: ECDSA operation in progress
Time 12055000: ECDSA operation in progress
Time 12065000: ECDSA operation in progress
Time 12075000: ECDSA operation in progress
Time 12085000: ECDSA operation in progress
Time 12095000: ECDSA operation in progress
Time 12105000: ECDSA operation in progress
Time 12115000: ECDSA operation in progress
Time 12125000: ECDSA operation in progress
Time 12135000: ECDSA operation in progress
Time 12145000: ECDSA operation in progress
Time 12155000: ECDSA operation in progress
Time 12165000: ECDSA operation in progress
Time 12175000: ECDSA operation in progress
Time 12185000: ECDSA operation in progress
Time 12195000: ECDSA operation in progress
Time 12205000: ECDSA operation in progress
Time 12215000: ECDSA operation in progress
Time 12225000: ECDSA operation in progress
Time 12235000: ECDSA operation in progress
Time 12245000: ECDSA operation in progress
Time 12255000: ECDSA operation in progress
Time 12265000: ECDSA operation in progress
Time 12275000: ECDSA operation in progress
Time 12285000: ECDSA operation in progress
Time 12295000: ECDSA operation in progress
Time 12305000: ECDSA operation in progress
Time 12315000: ECDSA operation in progress
Time 12325000: ECDSA operation in progress
Time 12335000: ECDSA operation in progress
Time 12345000: ECDSA operation in progress
Time 12355000: ECDSA operation in progress
Time 12365000: ECDSA operation in progress
Time 12375000: ECDSA operation in progress
Time 12385000: ECDSA operation in progress
Time 12395000: ECDSA operation in progress
Time 12405000: ECDSA operation in progress
Time 12415000: ECDSA operation in progress
Time 12425000: ECDSA operation in progress
Time 12435000: ECDSA operation in progress
Time 12445000: ECDSA operation in progress
Time 12455000: ECDSA operation in progress
Time 12465000: ECDSA operation in progress
Time 12475000: ECDSA operation in progress
Time 12485000: ECDSA operation in progress
Time 12495000: ECDSA operation in progress
Time 12505000: ECDSA operation in progress
Time 12515000: ECDSA operation in progress
Time 12525000: ECDSA operation in progress
Time 12535000: ECDSA operation in progress
Time 12545000: ECDSA operation in progress
Time 12555000: ECDSA operation in progress
Time 12565000: ECDSA operation in progress
Time 12575000: ECDSA operation in progress
Time 12585000: ECDSA operation in progress
Time 12595000: ECDSA operation in progress
Time 12605000: ECDSA operation in progress
Time 12615000: ECDSA operation in progress
Time 12625000: ECDSA operation in progress
Time 12635000: ECDSA operation in progress
Time 12645000: ECDSA operation in progress
Time 12655000: ECDSA operation in progress
Time 12665000: ECDSA operation in progress
Time 12675000: ECDSA operation in progress
Time 12685000: ECDSA operation in progress
Time 12695000: ECDSA operation in progress
Time 12705000: ECDSA operation in progress
Time 12715000: ECDSA operation in progress
Time 12725000: ECDSA operation in progress
Time 12735000: ECDSA operation in progress
Time 12745000: ECDSA operation in progress
Time 12755000: ECDSA operation in progress
Time 12765000: ECDSA operation in progress
Time 12775000: ECDSA operation in progress
Time 12785000: ECDSA operation in progress
Time 12795000: ECDSA operation in progress
Time 12805000: ECDSA operation in progress
Time 12815000: ECDSA operation in progress
Time 12825000: ECDSA operation in progress
Time 12835000: ECDSA operation in progress
Time 12845000: ECDSA operation in progress
Time 12855000: ECDSA operation in progress
Time 12865000: ECDSA operation in progress
Time 12875000: ECDSA operation in progress
Time 12885000: ECDSA operation in progress
Time 12895000: ECDSA operation in progress
Time 12905000: ECDSA operation in progress
Time 12915000: ECDSA operation in progress
Time 12925000: ECDSA operation in progress
Time 12935000: ECDSA operation in progress
Time 12945000: ECDSA operation in progress
Time 12955000: ECDSA operation in progress
Time 12965000: ECDSA operation in progress
Time 12975000: ECDSA operation in progress
Time 12985000: ECDSA operation in progress
Time 12995000: ECDSA operation in progress
Time 13005000: ECDSA operation in progress
Time 13015000: ECDSA operation in progress
Time 13025000: ECDSA operation in progress
Time 13035000: ECDSA operation in progress
Time 13045000: ECDSA operation in progress
Time 13055000: ECDSA operation in progress
Time 13065000: ECDSA operation in progress
Time 13075000: ECDSA operation in progress
Time 13085000: ECDSA operation in progress
Time 13095000: ECDSA operation in progress
Error in V component test!
Time 13105000: ECDSA operation failed
=== ECDSA Testbench Complete ===
All tests completed with r, s, v signature format!
